<?xml version="1.0" encoding="UTF-8"?>
<testsuite xmlns:xsi="http://www.w3.org/2001/XMLSchema-instance" xsi:noNamespaceSchemaLocation="https://maven.apache.org/surefire/maven-surefire-plugin/xsd/surefire-test-report.xsd" version="3.0.1" name="com.JaccardScorerTest" time="0.062" tests="6" errors="0" skipped="0" failures="0">
  <properties>
[...]
</properties>
  <testcase name="testIdenticalSets" classname="com.JaccardScorerTest" time="0.028"/>
  <testcase name="disjointSets_returnsZero" classname="com.JaccardScorerTest" time="0.003"/>
  <testcase name="oneEmptyOneNot_returnsZero" classname="com.JaccardScorerTest" time="0.001"/>
  <testcase name="repeatingDecimalRatio_requiresDeltaToleranceToPass" classname="com.JaccardScorerTest" time="0.002"/>
  <testcase name="testPartialIntersection" classname="com.JaccardScorerTest" time="0.001"/>
  <testcase name="bothEmpty_returnsOneByConvention" classname="com.JaccardScorerTest" time="0.001"/>
</testsuite>